2025-10-28 08:19:50,896 - root - INFO - Starting pipeline
2025-10-28 08:19:50,896 - cli_manager - INFO - CLI Manager initialized..
2025-10-28 08:24:29,929 - root - INFO - Starting pipeline
2025-10-28 08:24:29,930 - cli_manager - INFO - CLI Manager initialized..
2025-10-28 08:25:59,686 - root - INFO - Starting pipeline
2025-10-28 08:25:59,686 - cli_manager - INFO - CLI Manager initialized..
2025-10-28 08:52:18,618 - root - INFO - Starting pipeline
2025-10-28 08:52:18,618 - cli_manager - INFO - CLI Manager initialized..
2025-10-28 08:52:18,620 - cli_manager - INFO -  Starting Data Analysis Pipeline 
2025-10-28 08:52:19,999 - cli_manager - INFO - Running Analytics Queries 
2025-10-28 08:52:20,065 - cli_manager - INFO -  Generating Report (JSON)
2025-10-28 09:08:22,172 - root - INFO - Starting pipeline
2025-10-28 09:08:22,172 - cli_manager - INFO - CLI Manager initialized..
2025-10-28 09:08:22,174 - cli_manager - INFO -  Starting Data Analysis Pipeline 
2025-10-28 09:08:23,343 - cli_manager - INFO - Running Analytics Queries 
2025-10-28 09:08:23,407 - cli_manager - INFO -  Generating Report (JSON)
2025-10-28 09:08:23,409 - writer - INFO - Creating output folder..
2025-10-28 09:08:23,411 - writer - INFO - File written successfully to output/
2025-10-28 09:08:45,151 - root - INFO - Starting pipeline
2025-10-28 09:08:45,151 - cli_manager - INFO - CLI Manager initialized..
2025-10-28 09:08:45,153 - cli_manager - INFO -  Starting Data Analysis Pipeline 
2025-10-28 09:08:46,357 - cli_manager - INFO - Running Analytics Queries 
2025-10-28 09:08:46,425 - cli_manager - INFO -  Generating Report (JSON)
2025-10-28 09:08:46,429 - writer - INFO - File written successfully to output/
2025-10-28 10:52:13,651 - root - INFO - Starting pipeline
2025-10-28 10:52:13,652 - data_access - INFO - DB Manager initialized ...
2025-10-28 10:52:13,652 - data_access - INFO - dynamic loader initialized..
2025-10-28 10:52:13,652 - cli_manager - INFO - CLI Manager initialized..
2025-10-28 10:52:13,654 - cli_manager - INFO -  Starting Data Analysis Pipeline 
2025-10-28 10:52:13,780 - data_access - INFO - Query Success but no affected raws.
2025-10-28 10:52:14,921 - data_access - INFO - Query Success but no affected raws.
2025-10-28 10:52:14,923 - data_access - INFO - Optimizing tables with indexes...
2025-10-28 10:52:14,938 - data_access - INFO - Indexing complete.
2025-10-28 10:52:14,938 - cli_manager - INFO - Running Analytics Queries 
2025-10-28 10:52:15,003 - cli_manager - INFO -  Generating Report (JSON)
2025-10-28 10:52:15,007 - writer - INFO - File written successfully to output/
2025-10-28 10:53:07,439 - root - INFO - Starting pipeline
2025-10-28 10:53:07,439 - cli_manager - INFO - CLI Manager initialized..
2025-10-28 10:53:07,439 - data_access - INFO - DB Manager initialized ...
2025-10-28 10:53:07,439 - data_access - INFO - dynamic loader initialized..
2025-10-28 10:53:07,441 - cli_manager - INFO -  Starting Data Analysis Pipeline 
2025-10-28 10:53:07,565 - data_access - INFO - Query Success but no affected raws.
2025-10-28 10:53:08,896 - data_access - INFO - Query Success but no affected raws.
2025-10-28 10:53:08,897 - data_access - INFO - Optimizing tables with indexes...
2025-10-28 10:53:08,913 - data_access - INFO - Indexing complete.
2025-10-28 10:53:08,913 - cli_manager - INFO - Running Analytics Queries 
2025-10-28 10:53:08,979 - cli_manager - INFO -  Generating Report (XML)
2025-10-28 10:53:08,988 - writer - INFO - File written successfully to output/
2025-10-28 10:59:25,791 - root - INFO - Starting pipeline
2025-10-28 10:59:25,791 - cli_manager - INFO - CLI Manager initialized..
2025-10-28 10:59:25,791 - data_access - INFO - DB Manager initialized ...
2025-10-28 10:59:25,792 - data_access - INFO - dynamic loader initialized..
2025-10-28 10:59:25,793 - cli_manager - INFO -  Starting Data Analysis Pipeline 
2025-10-28 10:59:25,912 - data_access - INFO - Query Success but no affected raws.
2025-10-28 10:59:27,132 - data_access - INFO - Query Success but no affected raws.
2025-10-28 10:59:27,133 - data_access - INFO - Optimizing tables with indexes...
2025-10-28 10:59:27,152 - data_access - INFO - Indexing complete.
2025-10-28 10:59:27,152 - cli_manager - INFO - Running Analytics Queries 
2025-10-28 10:59:27,220 - cli_manager - INFO -  Generating Report (XML)
2025-10-28 10:59:27,228 - writer - INFO - File written successfully to output/
2025-10-29 07:42:24,838 - root - INFO - Starting pipeline
2025-10-29 07:42:24,839 - cli_manager - INFO - CLI Manager initialized..
2025-10-29 07:42:24,839 - data_access - INFO - DB Manager initialized ...
2025-10-29 07:42:24,839 - data_access - INFO - dynamic loader initialized..
2025-10-29 07:42:24,841 - cli_manager - INFO -  Starting Data Analysis Pipeline 
2025-10-29 07:42:25,014 - data_access - INFO - Query Success but no affected raws.
2025-10-29 07:42:27,645 - data_access - INFO - Query Success but no affected raws.
2025-10-29 07:42:27,647 - data_access - INFO - Optimizing tables with indexes...
2025-10-29 07:42:27,691 - data_access - INFO - Indexing complete.
2025-10-29 07:42:27,691 - cli_manager - INFO - Running Analytics Queries 
2025-10-29 07:42:27,787 - cli_manager - INFO -  Generating Report (JSON)
2025-10-29 07:42:27,791 - writer - INFO - File written successfully to output/
2025-10-29 07:43:12,070 - root - INFO - Starting pipeline
2025-10-29 07:43:12,070 - cli_manager - INFO - CLI Manager initialized..
2025-10-29 07:43:12,070 - data_access - INFO - DB Manager initialized ...
2025-10-29 07:43:12,070 - data_access - INFO - dynamic loader initialized..
2025-10-29 07:43:12,072 - cli_manager - INFO -  Starting Data Analysis Pipeline 
2025-10-29 07:43:12,263 - data_access - INFO - Query Success but no affected raws.
2025-10-29 07:43:14,511 - data_access - INFO - Query Success but no affected raws.
2025-10-29 07:43:14,512 - data_access - INFO - Optimizing tables with indexes...
2025-10-29 07:43:14,537 - data_access - INFO - Indexing complete.
2025-10-29 07:43:14,538 - cli_manager - INFO - Running Analytics Queries 
2025-10-29 07:43:14,615 - cli_manager - INFO -  Generating Report (JSON)
2025-10-29 07:43:14,623 - writer - INFO - File written successfully to output/
2025-10-29 07:43:42,191 - root - INFO - Starting pipeline
2025-10-29 07:43:42,192 - cli_manager - INFO - CLI Manager initialized..
2025-10-29 07:43:42,192 - data_access - INFO - DB Manager initialized ...
2025-10-29 07:43:42,192 - data_access - INFO - dynamic loader initialized..
2025-10-29 07:43:42,194 - cli_manager - INFO -  Starting Data Analysis Pipeline 
2025-10-29 07:43:42,330 - data_access - INFO - Query Success but no affected raws.
2025-10-29 07:43:44,007 - data_access - INFO - Query Success but no affected raws.
2025-10-29 07:43:44,008 - data_access - INFO - Optimizing tables with indexes...
2025-10-29 07:43:44,036 - data_access - INFO - Indexing complete.
2025-10-29 07:43:44,036 - cli_manager - INFO - Running Analytics Queries 
2025-10-29 07:43:44,133 - cli_manager - INFO -  Generating Report (JSON)
2025-10-29 07:43:44,139 - writer - INFO - File written successfully to output/
2025-10-29 07:43:48,825 - root - INFO - Starting pipeline
2025-10-29 07:43:48,825 - cli_manager - INFO - CLI Manager initialized..
2025-10-29 07:43:48,825 - data_access - INFO - DB Manager initialized ...
2025-10-29 07:43:48,825 - data_access - INFO - dynamic loader initialized..
2025-10-29 07:43:48,827 - cli_manager - INFO -  Starting Data Analysis Pipeline 
2025-10-29 07:43:48,968 - data_access - INFO - Query Success but no affected raws.
2025-10-29 07:43:50,572 - data_access - INFO - Query Success but no affected raws.
2025-10-29 07:43:50,574 - data_access - INFO - Optimizing tables with indexes...
2025-10-29 07:43:50,598 - data_access - INFO - Indexing complete.
2025-10-29 07:43:50,598 - cli_manager - INFO - Running Analytics Queries 
2025-10-29 07:43:50,686 - cli_manager - INFO -  Generating Report (XML)
2025-10-29 07:43:50,695 - writer - INFO - File written successfully to output/
2025-10-30 08:06:26,174 - root - INFO - Starting pipeline
2025-10-30 08:06:26,175 - cli_manager - INFO - CLI Manager initialized..
2025-10-30 08:06:26,175 - data_access - INFO - DB Manager initialized ...
2025-10-30 08:06:26,176 - data_access - INFO - dynamic loader initialized..
2025-10-30 08:06:26,177 - cli_manager - INFO -  Starting Data Analysis Pipeline 
2025-10-30 08:06:26,298 - data_access - INFO - Query Success but no affected raws.
2025-10-30 08:06:27,384 - data_access - INFO - Query Success but no affected raws.
2025-10-30 08:06:27,385 - data_access - INFO - Optimizing tables with indexes...
2025-10-30 08:06:27,410 - data_access - INFO - Indexing complete.
2025-10-30 08:06:27,411 - cli_manager - INFO - Running Analytics Queries 
2025-10-30 08:06:27,484 - cli_manager - INFO -  Generating Report (JSON)
2025-10-30 08:06:27,488 - writer - INFO - File written successfully to output/
2025-10-30 10:23:27,353 - root - INFO - Starting pipeline
2025-10-30 10:23:27,353 - cli_manager - INFO - CLI Manager initialized..
2025-10-30 10:23:27,353 - data_access - INFO - DB Manager initialized ...
2025-10-30 10:23:27,353 - data_access - INFO - dynamic loader initialized..
2025-10-30 10:23:27,355 - cli_manager - INFO -  Starting Data Analysis Pipeline 
2025-10-30 10:23:27,475 - data_access - INFO - Query Success but no affected raws.
2025-10-30 10:23:28,691 - data_access - INFO - Query Success but no affected raws.
2025-10-30 10:23:28,692 - data_access - INFO - Optimizing tables with indexes...
2025-10-30 10:23:28,707 - data_access - INFO - Indexing complete.
2025-10-30 10:23:28,707 - cli_manager - INFO - Running Analytics Queries 
2025-10-30 10:23:28,773 - cli_manager - INFO -  Generating Report (XML)
2025-10-30 10:23:28,785 - writer - INFO - File written successfully to output/
